00:00:00.000001 [36897:shadow] n/a [INFO] [n/a] [main.c:71] [main_logBuildInfo] Starting Shadow v2.4.0-195-g8003656d-dirty 2023-03-07--08:27:31 with GLib v2.72.4
00:00:00.000087 [36897:shadow] n/a [INFO] [n/a] [main.c:75] [main_logBuildInfo] Shadow was built from branch main on 2023-03-29--22:28:05 in Release mode with compile options: -O3 and link options: -Wl,--no-as-needed
00:00:00.000089 [36897:shadow] n/a [INFO] [n/a] [main.c:76] [main_logBuildInfo] For more information, visit https://shadow.github.io or https://github.com/shadow
00:00:00.000091 [36897:shadow] n/a [INFO] [n/a] [main.c:77] [main_logBuildInfo] Logging current startup arguments and environment
00:00:00.000092 [36897:shadow] n/a [INFO] [n/a] [main.rs:305] [shadow_rs::core::main] arg: shadow
00:00:00.000093 [36897:shadow] n/a [INFO] [n/a] [main.rs:305] [shadow_rs::core::main] arg: shadow.yaml
00:00:00.000204 [36897:shadow] n/a [INFO] [n/a] [sim_config.rs:375] [shadow_rs::core::sim_config] Resolved binary path "cargo" to "/home/shadow-starter/.cargo/bin/cargo"
00:00:00.000899 [36897:shadow] n/a [INFO] [n/a] [main.rs:205] [shadow_rs::core::main] Log message buffering is enabled for efficiency
00:00:00.001213 [36897:shadow] n/a [INFO] [n/a] [manager.rs:907] [shadow_rs::core::manager] Found required preload library libshadow_injector.so at path /home/shadow-starter/.local/bin/../lib/libshadow_injector.so
00:00:00.001240 [36897:shadow] n/a [INFO] [n/a] [manager.rs:907] [shadow_rs::core::manager] Found required preload library libshadow_libc.so at path /home/shadow-starter/.local/bin/../lib/libshadow_libc.so
00:00:00.001255 [36897:shadow] n/a [INFO] [n/a] [manager.rs:907] [shadow_rs::core::manager] Found required preload library libshadow_openssl_rng.so at path /home/shadow-starter/.local/bin/../lib/libshadow_openssl_rng.so
00:00:00.001256 [36897:shadow] n/a [INFO] [n/a] [manager.rs:126] [shadow_rs::core::manager] Preloading the openssl crypto library is disabled
Do main/network/net_namespace.rs estamos a imprimir "monitor"
Do main/network/net_namespace.rs estamos a imprimir "monitor"
00:00:00.001970 [36897:shadow] n/a [INFO] [n/a] [controller.rs:69] [shadow_rs::core::controller] Running simulation
00:00:00.002502 [36897:shadow] n/a [INFO] [n/a] [host.rs:318] [shadow_rs::host::host] Setup host id 'HostId(0)' name 'monitor' with seed 5585044206621193833, 122070 bwUpKiBps, 122070 bwDownKiBps, 131072 initSockSendBufSize, 174760 initSockRecvBufSize,  2500000000 cpuFrequency,  None cpuThreshold,  Some(SimulationTime(200)) cpuPrecision
00:00:00.005484 [36911:shadow-worker] 00:00:00.000000000 [INFO] [monitor:11.0.0.1] [tracker.c:447] [_tracker_logNode] [shadow-heartbeat] [node-header] interval-seconds,recv-bytes,send-bytes,cpu-percent,delayed-count,avgdelay-milliseconds;inbound-localhost-counters;outbound-localhost-counters;inbound-remote-counters;outbound-remote-counters where counters are: packets-total,bytes-total,packets-control,bytes-control-header,packets-control-retrans,bytes-control-header-retrans,packets-data,bytes-data-header,bytes-data-payload,packets-data-retrans,bytes-data-header-retrans,bytes-data-payload-retrans
00:00:00.005512 [36911:shadow-worker] 00:00:00.000000000 [INFO] [monitor:11.0.0.1] [tracker.c:473] [_tracker_logNode] [shadow-heartbeat] [node] 1,0,0,0.000000,0,0.000000;0,0,0,0,0,0,0,0,0,0,0,0;0,0,0,0,0,0,0,0,0,0,0,0;0,0,0,0,0,0,0,0,0,0,0,0;0,0,0,0,0,0,0,0,0,0,0,0
00:00:00.005652 [36911:shadow-worker] 00:00:00.000000000 [INFO] [monitor:11.0.0.1] [process.rs:444] [shadow_rs::host::process] starting process 'monitor.cargo.1000'
00:00:00.005699 [36911:shadow-worker] 00:00:00.000000000 [INFO] [monitor:11.0.0.1] [managed_thread.c:258] [managedthread_run] forking new mthread with environment 'SHADOW_LOG_LEVEL=3  LD_PRELOAD=/home/shadow-starter/.local/bin/../lib/libshadow_injector.so:/home/shadow-starter/.local/bin/../lib/libshadow_libc.so:/home/shadow-starter/.local/bin/../lib/libshadow_openssl_rng.so SHADOW_LOG_START_TIME=1680198079507114 SHADOW_SPAWNED=TRUE SHADOW_SHM_HOST_BLK=8,1048576,88,/shadow_shmemfile_10980.54095760-36897 SHADOW_SHM_PROCESS_BLK=8200,1048576,6064,/shadow_shmemfile_10980.54095760-36897 SHADOW_SHM_THREAD_BLK=4104,1048576,4040,/shadow_shmemfile_10980.54095760-36897 SHADOW_IPC_BLK=1032,1048576,648,/shadow_shmemfile_10980.54095760-36897 SHADOW_PID=36897 SHADOW_TSC_HZ=2304000000', arguments 'cargo run --bin monitor --manifest-path ~/simple_tcp_server_client/project-tonic/Cargo.toml 8888', and working directory '/home/shadow-starter/simple_tcp_server_client/project-tonic/shadow.data/hosts/monitor'
00:00:00.005869 [36911:shadow-worker] 00:00:00.000000000 [INFO] [monitor:11.0.0.1] [process.rs:482] [shadow_rs::host::process] process 'monitor.cargo.1000' started
UM NOVO ROUND VAI COMEÇAR (round number 0), 0:0:0
ESTAMOS A TENTAR DAR HANDLE DA SYSCALL 1004
Isto é no pre-syscall: 
Esta instrução é um shadow_init_memory_manager, e vem do host 0
Na thread 1000

Isto é no post-syscall: 
Esta instrução é um shadow_init_memory_manager, e vem do host 0
Na thread 1000

ESTAMOS A TENTAR DAR HANDLE DA SYSCALL 262
Isto é no pre-syscall: 
Esta instrução é um newfstatat, e vem do host 0
Na thread 1000

Isto é no post-syscall: 
Esta instrução é um newfstatat, e vem do host 0
Na thread 1000

ESTAMOS A TENTAR DAR HANDLE DA SYSCALL 202
Isto é no pre-syscall: 
Esta instrução é um futex, e vem do host 0
Na thread 1000

Isto é no post-syscall: 
Esta instrução é um futex, e vem do host 0
Na thread 1000

ESTAMOS A TENTAR DAR HANDLE DA SYSCALL 202
Isto é no pre-syscall: 
Esta instrução é um futex, e vem do host 0
Na thread 1000

Isto é no post-syscall: 
Esta instrução é um futex, e vem do host 0
Na thread 1000

ESTAMOS A TENTAR DAR HANDLE DA SYSCALL 202
Isto é no pre-syscall: 
Esta instrução é um futex, e vem do host 0
Na thread 1000

Isto é no post-syscall: 
Esta instrução é um futex, e vem do host 0
Na thread 1000

ESTAMOS A TENTAR DAR HANDLE DA SYSCALL 202
Isto é no pre-syscall: 
Esta instrução é um futex, e vem do host 0
Na thread 1000

Isto é no post-syscall: 
Esta instrução é um futex, e vem do host 0
Na thread 1000

ESTAMOS A TENTAR DAR HANDLE DA SYSCALL 202
Isto é no pre-syscall: 
Esta instrução é um futex, e vem do host 0
Na thread 1000

Isto é no post-syscall: 
Esta instrução é um futex, e vem do host 0
Na thread 1000

ESTAMOS A TENTAR DAR HANDLE DA SYSCALL 202
Isto é no pre-syscall: 
Esta instrução é um futex, e vem do host 0
Na thread 1000

Isto é no post-syscall: 
Esta instrução é um futex, e vem do host 0
Na thread 1000

ESTAMOS A TENTAR DAR HANDLE DA SYSCALL 202
Isto é no pre-syscall: 
Esta instrução é um futex, e vem do host 0
Na thread 1000

Isto é no post-syscall: 
Esta instrução é um futex, e vem do host 0
Na thread 1000

ESTAMOS A TENTAR DAR HANDLE DA SYSCALL 202
Isto é no pre-syscall: 
Esta instrução é um futex, e vem do host 0
Na thread 1000

Isto é no post-syscall: 
Esta instrução é um futex, e vem do host 0
Na thread 1000

ESTAMOS A TENTAR DAR HANDLE DA SYSCALL 202
Isto é no pre-syscall: 
Esta instrução é um futex, e vem do host 0
Na thread 1000

Isto é no post-syscall: 
Esta instrução é um futex, e vem do host 0
Na thread 1000

ESTAMOS A TENTAR DAR HANDLE DA SYSCALL 202
Isto é no pre-syscall: 
Esta instrução é um futex, e vem do host 0
Na thread 1000

Isto é no post-syscall: 
Esta instrução é um futex, e vem do host 0
Na thread 1000

ESTAMOS A TENTAR DAR HANDLE DA SYSCALL 12
Isto é no pre-syscall: 
Esta instrução é um brk, e vem do host 0
Na thread 1000

Isto é no post-syscall: 
Esta instrução é um brk, e vem do host 0
Na thread 1000

ESTAMOS A TENTAR DAR HANDLE DA SYSCALL 202
Isto é no pre-syscall: 
Esta instrução é um futex, e vem do host 0
Na thread 1000

Isto é no post-syscall: 
Esta instrução é um futex, e vem do host 0
Na thread 1000

ESTAMOS A TENTAR DAR HANDLE DA SYSCALL 202
Isto é no pre-syscall: 
Esta instrução é um futex, e vem do host 0
Na thread 1000

Isto é no post-syscall: 
Esta instrução é um futex, e vem do host 0
Na thread 1000

ESTAMOS A TENTAR DAR HANDLE DA SYSCALL 202
Isto é no pre-syscall: 
Esta instrução é um futex, e vem do host 0
Na thread 1000

Isto é no post-syscall: 
Esta instrução é um futex, e vem do host 0
Na thread 1000

ESTAMOS A TENTAR DAR HANDLE DA SYSCALL 202
Isto é no pre-syscall: 
Esta instrução é um futex, e vem do host 0
Na thread 1000

Isto é no post-syscall: 
Esta instrução é um futex, e vem do host 0
Na thread 1000

ESTAMOS A TENTAR DAR HANDLE DA SYSCALL 257
Isto é no pre-syscall: 
Esta instrução é um openat, e vem do host 0
Na thread 1000

Isto é no post-syscall: 
Esta instrução é um openat, e vem do host 0
Na thread 1000

ESTAMOS A TENTAR DAR HANDLE DA SYSCALL 202
Isto é no pre-syscall: 
Esta instrução é um futex, e vem do host 0
Na thread 1000

Isto é no post-syscall: 
Esta instrução é um futex, e vem do host 0
Na thread 1000

ESTAMOS A TENTAR DAR HANDLE DA SYSCALL 99
Isto é no pre-syscall: 
Esta instrução é um sysinfo, e vem do host 0
Na thread 1000

Isto é no post-syscall: 
Esta instrução é um sysinfo, e vem do host 0
Na thread 1000

ESTAMOS A TENTAR DAR HANDLE DA SYSCALL 202
Isto é no pre-syscall: 
Esta instrução é um futex, e vem do host 0
Na thread 1000

Isto é no post-syscall: 
Esta instrução é um futex, e vem do host 0
Na thread 1000

ESTAMOS A TENTAR DAR HANDLE DA SYSCALL 7
Isto é no pre-syscall: 
Esta instrução é um poll, e vem do host 0
Na thread 1000

Isto é no post-syscall: 
Esta instrução é um poll, e vem do host 0
Na thread 1000

ESTAMOS A TENTAR DAR HANDLE DA SYSCALL 13
Isto é no pre-syscall: 
Esta instrução é um rt_sigaction, e vem do host 0
Na thread 1000

Isto é no post-syscall: 
Esta instrução é um rt_sigaction, e vem do host 0
Na thread 1000

ESTAMOS A TENTAR DAR HANDLE DA SYSCALL 13
Isto é no pre-syscall: 
Esta instrução é um rt_sigaction, e vem do host 0
Na thread 1000

Isto é no post-syscall: 
Esta instrução é um rt_sigaction, e vem do host 0
Na thread 1000

ESTAMOS A TENTAR DAR HANDLE DA SYSCALL 13
Isto é no pre-syscall: 
Esta instrução é um rt_sigaction, e vem do host 0
Na thread 1000

Isto é no post-syscall: 
Esta instrução é um rt_sigaction, e vem do host 0
Na thread 1000

ESTAMOS A TENTAR DAR HANDLE DA SYSCALL 13
Isto é no pre-syscall: 
Esta instrução é um rt_sigaction, e vem do host 0
Na thread 1000

Isto é no post-syscall: 
Esta instrução é um rt_sigaction, e vem do host 0
Na thread 1000

ESTAMOS A TENTAR DAR HANDLE DA SYSCALL 13
Isto é no pre-syscall: 
Esta instrução é um rt_sigaction, e vem do host 0
Na thread 1000

Isto é no post-syscall: 
Esta instrução é um rt_sigaction, e vem do host 0
Na thread 1000

ESTAMOS A TENTAR DAR HANDLE DA SYSCALL 131
Isto é no pre-syscall: 
Esta instrução é um sigaltstack, e vem do host 0
Na thread 1000

Isto é no post-syscall: 
Esta instrução é um sigaltstack, e vem do host 0
Na thread 1000

ESTAMOS A TENTAR DAR HANDLE DA SYSCALL 9
Isto é no pre-syscall: 
Esta instrução é um mmap, e vem do host 0
Na thread 1000

Isto é no post-syscall: 
Esta instrução é um mmap, e vem do host 0
Na thread 1000

ESTAMOS A TENTAR DAR HANDLE DA SYSCALL 10
Isto é no pre-syscall: 
Esta instrução é um mprotect, e vem do host 0
Na thread 1000

Isto é no post-syscall: 
Esta instrução é um mprotect, e vem do host 0
Na thread 1000

ESTAMOS A TENTAR DAR HANDLE DA SYSCALL 131
Isto é no pre-syscall: 
Esta instrução é um sigaltstack, e vem do host 0
Na thread 1000

Isto é no post-syscall: 
Esta instrução é um sigaltstack, e vem do host 0
Na thread 1000

ESTAMOS A TENTAR DAR HANDLE DA SYSCALL 257
Isto é no pre-syscall: 
Esta instrução é um openat, e vem do host 0
Na thread 1000

Isto é no post-syscall: 
Esta instrução é um openat, e vem do host 0
Na thread 1000

ESTAMOS A TENTAR DAR HANDLE DA SYSCALL 302
Isto é no pre-syscall: 
Esta instrução é um prlimit64, e vem do host 0
Na thread 1000

Isto é no post-syscall: 
Esta instrução é um prlimit64, e vem do host 0
Na thread 1000

ESTAMOS A TENTAR DAR HANDLE DA SYSCALL 262
Isto é no pre-syscall: 
Esta instrução é um newfstatat, e vem do host 0
Na thread 1000

Isto é no post-syscall: 
Esta instrução é um newfstatat, e vem do host 0
Na thread 1000

ESTAMOS A TENTAR DAR HANDLE DA SYSCALL 0
Isto é no pre-syscall: 
Esta instrução é um read, e vem do host 0
Na thread 1000

Isto é no post-syscall: 
Esta instrução é um read, e vem do host 0
Na thread 1000

ESTAMOS A TENTAR DAR HANDLE DA SYSCALL 0
Isto é no pre-syscall: 
Esta instrução é um read, e vem do host 0
Na thread 1000

Isto é no post-syscall: 
Esta instrução é um read, e vem do host 0
Na thread 1000

ESTAMOS A TENTAR DAR HANDLE DA SYSCALL 0
Isto é no pre-syscall: 
Esta instrução é um read, e vem do host 0
Na thread 1000

Isto é no post-syscall: 
Esta instrução é um read, e vem do ho00:00:00.013721 [36911:shadow-worker] 00:00:00.000049020 [WARN] [monitor:11.0.0.1] [unix.rs:2070] [shadow_rs::host::descriptor::socket::unix] Unix sockets with pathname addresses are not yet supported
00:00:00.013798 [36911:shadow-worker] 00:00:00.000051020 [WARN] [monitor:11.0.0.1] [unix.rs:2070] [shadow_rs::host::descriptor::socket::unix] Unix sockets with pathname addresses are not yet supported
st 0
Na thread 1000

ESTAMOS A TENTAR DAR HANDLE DA SYSCALL 0
Isto é no pre-syscall: 
Esta instrução é um read, e vem do host 0
Na thread 1000

Isto é no post-syscall: 
Esta instrução é um read, e vem do host 0
Na thread 1000

ESTAMOS A TENTAR DAR HANDLE DA SYSCALL 0
Isto é no pre-syscall: 
Esta instrução é um read, e vem do host 0
Na thread 1000

Isto é no post-syscall: 
Esta instrução é um read, e vem do host 0
Na thread 1000

ESTAMOS A TENTAR DAR HANDLE DA SYSCALL 0
Isto é no pre-syscall: 
Esta instrução é um read, e vem do host 0
Na thread 1000

Isto é no post-syscall: 
Esta instrução é um read, e vem do host 0
Na thread 1000

ESTAMOS A TENTAR DAR HANDLE DA SYSCALL 0
Isto é no pre-syscall: 
Esta instrução é um read, e vem do host 0
Na thread 1000

Isto é no post-syscall: 
Esta instrução é um read, e vem do host 0
Na thread 1000

ESTAMOS A TENTAR DAR HANDLE DA SYSCALL 0
Isto é no pre-syscall: 
Esta instrução é um read, e vem do host 0
Na thread 1000

Isto é no post-syscall: 
Esta instrução é um read, e vem do host 0
Na thread 1000

ESTAMOS A TENTAR DAR HANDLE DA SYSCALL 0
Isto é no pre-syscall: 
Esta instrução é um read, e vem do host 0
Na thread 1000

Isto é no post-syscall: 
Esta instrução é um read, e vem do host 0
Na thread 1000

ESTAMOS A TENTAR DAR HANDLE DA SYSCALL 0
Isto é no pre-syscall: 
Esta instrução é um read, e vem do host 0
Na thread 1000

Isto é no post-syscall: 
Esta instrução é um read, e vem do host 0
Na thread 1000

ESTAMOS A TENTAR DAR HANDLE DA SYSCALL 3
Isto é no pre-syscall: 
Esta instrução é um close, e vem do host 0
Na thread 1000

Isto é no post-syscall: 
Esta instrução é um close, e vem do host 0
Na thread 1000

ESTAMOS A TENTAR DAR HANDLE DA SYSCALL 79
ESTAMOS A TENTAR DAR HANDLE DA SYSCALL 89
ESTAMOS A TENTAR DAR HANDLE DA SYSCALL 79
ESTAMOS A TENTAR DAR HANDLE DA SYSCALL 102
ESTAMOS A TENTAR DAR HANDLE DA SYSCALL 41
Isto é no pre-syscall: 
Esta instrução é um socket, e vem do host 0
Na thread 1000

Isto é no post-syscall: 
Esta instrução é um socket, e vem do host 0
Na thread 1000

ESTAMOS A TENTAR DAR HANDLE DA SYSCALL 42
Isto é no pre-syscall: 
Esta instrução é um connect, e vem do host 0
Na thread 1000

Isto é no post-syscall: 
Esta instrução é um connect, e vem do host 0
Na thread 1000

ESTAMOS A TENTAR DAR HANDLE DA SYSCALL 3
Isto é no pre-syscall: 
Esta instrução é um close, e vem do host 0
Na thread 1000

Isto é no post-syscall: 
Esta instrução é um close, e vem do host 0
Na thread 1000

ESTAMOS A TENTAR DAR HANDLE DA SYSCALL 41
Isto é no pre-syscall: 
Esta instrução é um socket, e vem do host 0
Na thread 1000

Isto é no post-syscall: 
Esta instrução é um socket, e vem do host 0
Na thread 1000

ESTAMOS A TENTAR DAR HANDLE DA SYSCALL 42
Isto é no pre-syscall: 
Esta instrução é um connect, e vem do host 0
Na thread 1000

Isto é no post-syscall: 
Esta instrução é um connect, e vem do host 0
Na thread 1000

ESTAMOS A TENTAR DAR HANDLE DA SYSCALL 3
Isto é no pre-syscall: 
Esta instrução é um close, e vem do host 0
Na thread 1000

Isto é no post-syscall: 
Esta instrução é um close, e vem do host 0
Na thread 1000

ESTAMOS A TENTAR DAR HANDLE DA SYSCALL 262
Isto é no pre-syscall: 
Esta instrução é um newfstatat, e vem do host 0
Na thread 1000

Isto é no post-syscall: 
Esta instrução é um newfstatat, e vem do host 0
Na thread 1000

ESTAMOS A TENTAR DAR HANDLE DA SYSCALL 262
Isto é no pre-syscall: 
Esta instrução é um newfstatat, e vem do host 0
Na thread 1000

Isto é no post-syscall: 
Esta instrução é um newfstatat, e vem do host 0
Na thread 1000

ESTAMOS A TENTAR DAR HANDLE DA SYSCALL 257
Isto é no pre-syscall: 
Esta instrução é um openat, e vem do host 0
Na thread 1000

Isto é no post-syscall: 
Esta instrução é um openat, e vem do host 0
Na thread 1000

ESTAMOS A TENTAR DAR HANDLE DA SYSCALL 262
Isto é no pre-syscall: 
Esta instrução é um newfstatat, e vem do host 0
Na thread 1000

Isto é no post-syscall: 
Esta instrução é um newfstatat, e vem do host 0
Na thread 1000

ESTAMOS A TENTAR DAR HANDLE DA SYSCALL 0
Isto é no pre-syscall: 
Esta instrução é um read, e vem do host 0
Na thread 1000

Isto é no post-syscall: 
Esta instrução é um read, e vem do host 0
Na thread 1000

ESTAMOS A TENTAR DAR HANDLE DA SYSCALL 0
Isto é no pre-syscall: 
Esta instrução é um read, e vem do host 0
Na thread 1000

Isto é no post-syscall: 
Esta instrução é um read, e vem do host 0
Na thread 1000

ESTAMOS A TENTAR DAR HANDLE DA SYSCALL 262
Isto é no pre-syscall: 
Esta instrução é um newfstatat, e vem do host 0
Na thread 1000

Isto é no post-syscall: 
Esta instrução é um newfstatat, e vem do host 0
Na thread 1000

ESTAMOS A TENTAR DAR HANDLE DA SYSCALL 3
Isto é no pre-syscall: 
Esta instrução é um close, e vem do host 0
Na thread 1000

Isto é no post-syscall: 
Esta instrução é um close, e vem do host 0
Na thread 1000

ESTAMOS A TENTAR DAR HANDLE DA SYSCALL 257
Isto é no pre-syscall: 
Esta instrução é um openat, e vem do host 0
Na thread 1000

Isto é no post-syscall: 
Esta instrução é um openat, e vem do host 0
Na thread 1000

ESTAMOS A TENTAR DAR HANDLE DA SYSCALL 262
Isto é no pre-syscall: 
Esta instrução é um newfstatat, e vem do host 0
Na thread 1000

Isto é no post-syscall: 
Esta instrução é um newfstatat, e vem do host 0
Na thread 1000

ESTAMOS A TENTAR DAR HANDLE DA SYSCALL 8
Isto é no pre-syscall: 
Esta instrução é um lseek, e vem do host 0
Na thread 1000

Isto é no post-syscall: 
Esta instrução é um lseek, e vem do host 0
Na thread 1000

ESTAMOS A TENTAR DAR HANDLE DA SYSCALL 0
Isto é no pre-syscall: 
Esta instrução é um read, e vem do host 0
Na thread 1000

Isto é no post-syscall: 
Esta instrução é um read, e vem do host 0
Na thread 1000

ESTAMOS A TENTAR DAR HANDLE DA SYSCALL 3
Isto é no pre-syscall: 
Esta instrução é um close, e vem do host 0
Na thread 1000

Isto é no post-syscall: 
Esta instrução é um close, e vem do host 0
Na thread 1000

ESTAMOS A TENTAR DAR HANDLE DA SYSCALL 332
Isto é no pre-syscall: 
Esta instrução é um statx, e vem do host 0
Na thread 1000

Isto é no post-syscall: 
Esta instrução é um statx, e vem do host 0
Na thread 1000

ESTAMOS A TENTAR DAR HANDLE DA SYSCALL 332
Isto é no pre-syscall: 
Esta instrução é um statx, e vem do host 0
Na thread 1000

Isto é no post-syscall: 
Esta instrução é um statx, e vem do host 0
Na thread 1000

ESTAMOS A TENTAR DAR HANDLE DA SYSCALL 318
Isto é no pre-syscall: 
Esta instrução é um getrandom, e vem do host 0
Na thread 1000

Isto é no post-syscall: 
Esta instrução é um getrandom, e vem do host 0
Na thread 1000

ESTAMOS A TENTAR DAR HANDLE DA SYSCALL 79
ESTAMOS A TENTAR DAR HANDLE DA SYSCALL 102
ESTAMOS A TENTAR DAR HANDLE DA SYSCALL 262
Isto é no pre-syscall: 
Esta instrução é um newfstatat, e vem do host 0
Na thread 1000

Isto é no post-syscall: 
Esta instrução é um newfstatat, e vem do host 0
Na thread 1000

ESTAMOS A TENTAR DAR HANDLE DA SYSCALL 257
Isto é no pre-syscall: 
Esta instrução é um openat, e vem do host 0
Na thread 1000

Isto é no post-syscall: 
Esta instrução é um openat, e vem do host 0
Na thread 1000

ESTAMOS A TENTAR DAR HANDLE DA SYSCALL 262
Isto é no pre-syscall: 
Esta instrução é um newfstatat, e vem do host 0
Na thread 1000

Isto é no post-syscall: 
Esta instrução é um newfstatat, e vem do host 0
Na thread 1000

ESTAMOS A TENTAR DAR HANDLE DA SYSCALL 8
Isto é no pre-syscall: 
Esta instrução é um lseek, e vem do host 0
Na thread 1000

Isto é no post-syscall: 
Esta instrução é um lseek, e vem do host 0
Na thread 1000

ESTAMOS A TENTAR DAR HANDLE DA SYSCALL 0
Isto é no pre-syscall: 
Esta instrução é um read, e vem do host 0
Na thread 1000

Isto é no post-syscall: 
Esta instrução é um read, e vem do host 0
Na thread 1000

ESTAMOS A TENTAR DAR HANDLE DA SYSCALL 3
Isto é no pre-syscall: 
Esta instrução é um close, e vem do host 0
Na thread 1000

Isto é no post-syscall: 
Esta instrução é um close, e vem do host 0
Na thread 1000

ESTAMOS A TENTAR DAR HANDLE DA SYSCALL 332
Isto é no pre-syscall: 
Esta instrução é um statx, e vem do host 0
Na thread 1000

Isto é no post-syscall: 
Esta instrução é um statx, e vem do host 0
Na thread 1000

ESTAMOS A TENTAR DAR HANDLE DA SYSCALL 2
Isto é no pre-syscall: 
Esta instrução é um open, e vem do host 0
Na thread 1000

Isto é no post-syscall: 
Esta instrução é um open, e vem do host 0
Na thread 1000

ESTAMOS A TENTAR DAR HANDLE DA SYSCALL 332
Isto é no pre-syscall: 
Esta instrução é um statx, e vem do host 0
Na thread 1000

Isto é no post-syscall: 
Esta instrução é um statx, e vem do host 0
Na thread 1000

ESTAMOS A TENTAR DAR HANDLE DA SYSCALL 2
Isto é no pre-syscall: 
Esta instrução é um open, e vem do host 0
Na thread 1000

Isto é no post-syscall: 
Esta instrução é um open, e vem do host 0
Na thread 1000

ESTAMOS A TENTAR DAR HANDLE DA SYSCALL 332
Isto é no pre-syscall: 
Esta instrução é um statx, e vem do host 0
Na thread 1000

Isto é no post-syscall: 
Esta instrução é um statx, e vem do host 0
Na thread 1000

ESTAMOS A TENTAR DAR HANDLE DA SYSCALL 8
Isto é no pre-syscall: 
Esta instrução é um lseek, e vem do host 0
Na thread 1000

Isto é no post-syscall: 
Esta instrução é um lseek, e vem do host 0
Na thread 1000

ESTAMOS A TENTAR DAR HANDLE DA SYSCALL 0
Isto é no pre-syscall: 
Esta instrução é um read, e vem do host 0
Na thread 1000

Isto é no post-syscall: 
Esta instrução é um read, e vem do host 0
Na thread 1000

ESTAMOS A TENTAR DAR HANDLE DA SYSCALL 0
Isto é no pre-syscall: 
Esta instrução é um read, e vem do host 0
Na thread 1000

Isto é no post-syscall: 
Esta instrução é um read, e vem do host 0
Na thread 1000

ESTAMOS A TENTAR DAR HANDLE DA SYSCALL 3
Isto é no pre-syscall: 
Esta instrução é um close, e vem do host 0
Na thread 1000

Isto é no post-syscall: 
Esta instrução é um close, e vem do host 0
Na thread 1000

ESTAMOS A TENTAR DAR HANDLE DA SYSCALL 12
Isto é no pre-syscall: 
Esta instrução é um brk, e vem do host 0
Na thread 1000

Isto é no post-syscall: 
Esta instrução é um brk, e vem do host 0
Na thread 1000

ESTAMOS A TENTAR DAR HANDLE DA SYSCALL 9
Isto é no pre-syscall: 
Esta instrução é um mmap, e vem do host 0
Na thread 1000

Isto é no post-syscall: 
Esta instrução é um mmap, e vem do host 0
Na thread 1000

ESTAMOS A TENTAR DAR HANDLE DA SYSCALL 11
Isto é no pre-syscall: 
Esta instrução é um munmap, e vem do host 0
Na thread 1000

Isto é no post-syscall: 
Esta instrução é um munmap, e vem do host 0
Na thread 1000

ESTAMOS A TENTAR DAR HANDLE DA SYSCALL 12
Isto é no pre-syscall: 
Esta instrução é um brk, e vem do host 0
Na thread 1000

Isto é no post-syscall: 
Esta instrução é um brk, e vem do host 0
Na thread 1000

ESTAMOS A TENTAR DAR HANDLE DA SYSCALL 12
Isto é no pre-syscall: 
Esta instrução é um brk, e vem do host 0
Na thread 1000

Isto é no post-syscall: 
Esta instrução é um brk, e vem do host 0
Na thread 1000

ESTAMOS A TENTAR DAR HANDLE DA SYSCALL 63
Isto é no pre-syscall: 
Esta instrução é um uname, e vem do host 0
Na thread 1000

Isto é no post-syscall: 
Esta instrução é um uname, e vem do host 0
Na thread 1000

ESTAMOS A TENTAR DAR HANDLE DA SYSCALL 12
Isto é no pre-syscall: 
Esta instrução é um brk, e vem do host 0
Na thread 1000

Isto é no post-syscall: 
Esta instrução é um brk, e vem do host 0
Na thread 1000

ESTAMOS A TENTAR DAR HANDLE DA SYSCALL 332
Isto é no pre-syscall: 
Esta instrução é um statx, e vem do host 0
Na thread 1000

Isto é no post-syscall: 
Esta instrução é um statx, e vem do host 0
Na thread 1000

ESTAMOS A TENTAR DAR HANDLE DA SYSCALL 79
ESTAMOS A TENTAR DAR HANDLE DA SYSCALL 332
Isto é no pre-syscall: 
Esta instrução é um statx, e vem do host 0
Na thread 1000

Isto é no post-syscall: 
Esta instrução é um statx, e vem do host 0
Na thread 1000

ESTAMOS A TENTAR DAR HANDLE DA SYSCALL 89
ESTAMOS A TENTAR DAR HANDLE DA SYSCALL 89
ESTAMOS A TENTAR DAR HANDLE DA SYSCALL 89
ESTAMOS A TENTAR DAR HANDLE DA SYSCALL 89
ESTAMOS A TENTAR DAR HANDLE DA SYSCALL 89
ESTAMOS A TENTAR DAR HANDLE DA SYSCALL 89
ESTAMOS A TENTAR DAR HANDLE DA SYSCALL 89
ESTAMOS A TENTAR DAR HANDLE DA SYSCALL 2
Isto é no pre-syscall: 
Esta instrução é um open, e vem do host 0
Na thread 1000

Isto é no post-syscall: 
Esta instrução é um open, e vem do host 0
Na thread 1000

ESTAMOS A TENTAR DAR HANDLE DA SYSCALL 2
Isto é no pre-syscall: 
Esta instrução é um open, e vem do host 0
Na thread 1000

Isto é no post-syscall: 
Esta instrução é um open, e vem do host 0
Na thread 1000

ESTAMOS A TENTAR DAR HANDLE DA SYSCALL 332
Isto é no pre-syscall: 
Esta instrução é um statx, e vem do host 0
Na thread 1000

Isto é no post-syscall: 
Esta instrução é um statx, e vem do host 0
Na thread 1000

ESTAMOS A TENTAR DAR HANDLE DA SYSCALL 89
ESTAMOS A TENTAR DAR HANDLE DA SYSCALL 89
ESTAMOS A TENTAR DAR HANDLE DA SYSCALL 89
ESTAMOS A TENTAR DAR HANDLE DA SYSCALL 89
ESTAMOS A TENTAR DAR HANDLE DA SYSCALL 89
ESTAMOS A TENTAR DAR HANDLE DA SYSCALL 89
ESTAMOS A TENTAR DAR HANDLE DA SYSCALL 2
Isto é no pre-syscall: 
Esta instrução é um open, e vem do host 0
Na thread 1000

Isto é no post-syscall: 
Esta instrução é um open, e vem do host 0
Na thread 1000

ESTAMOS A TENTAR DAR HANDLE DA SYSCALL 2
Isto é no pre-syscall: 
Esta instrução é um open, e vem do host 0
Na thread 1000

Isto é no post-syscall: 
Esta instrução é um open, e vem do host 0
Na thread 1000

ESTAMOS A TENTAR DAR HANDLE DA SYSCALL 332
Isto é no pre-syscall: 
Esta instrução é um statx, e vem do host 0
Na thread 1000

Isto é no post-syscall: 
Esta instrução é um statx, e vem do host 0
Na thread 1000

ESTAMOS A TENTAR DAR HANDLE DA SYSCALL 89
ESTAMOS A TENTAR DAR HANDLE DA SYSCALL 89
ESTAMOS A TENTAR DAR HANDLE DA SYSCALL 89
ESTAMOS A TENTAR DAR HANDLE DA SYSCALL 89
ESTAMOS A TENTAR DAR HANDLE DA SYSCALL 89
ESTAMOS A TENTAR DAR HANDLE DA SYSCALL 2
Isto é no pre-syscall: 
Esta instrução é um open, e vem do host 0
Na thread 1000

Isto é no post-syscall: 
Esta instrução é um open, e vem do host 0
Na thread 1000

ESTAMOS A TENTAR DAR HANDLE DA SYSCALL 2
Isto é no pre-syscall: 
Esta instrução é um open, e vem do host 0
Na thread 1000

Isto é no post-syscall: 
Esta instrução é um open, e vem do host 0
Na thread 1000

ESTAMOS A TENTAR DAR HANDLE DA SYSCALL 332
Isto é no pre-syscall: 
Esta instrução é um statx, e vem do host 0
Na thread 1000

Isto é no post-syscall: 
Esta instrução é um statx, e vem do host 0
Na thread 1000

ESTAMOS A TENTAR DAR HANDLE DA SYSCALL 89
ESTAMOS A TENTAR DAR HANDLE DA SYSCALL 89
ESTAMOS A TENTAR DAR HANDLE DA SYSCALL 89
ESTAMOS A TENTAR DAR HANDLE DA SYSCALL 89
ESTAMOS A TENTAR DAR HANDLE DA SYSCALL 2
Isto é no pre-syscall: 
Esta instrução é um open, e vem do host 0
Na thread 1000

Isto é no post-syscall: 
Esta instrução é um open, e vem do host 0
Na thread 1000

ESTAMOS A TENTAR DAR HANDLE DA SYSCALL 2
Isto é no pre-syscall: 
Esta instrução é um open, e vem do host 0
Na thread 1000

Isto é no post-syscall: 
Esta instrução é um open, e vem do host 0
Na thread 1000

ESTAMOS A TENTAR DAR HANDLE DA SYSCALL 332
Isto é no pre-syscall: 
Esta instrução é um statx, e vem do host 0
Na thread 1000

Isto é no post-syscall: 
Esta instrução é um statx, e vem do host 0
Na thread 1000

ESTAMOS A TENTAR DAR HANDLE DA SYSCALL 89
ESTAMOS A TENTAR DAR HANDLE DA SYSCALL 89
ESTAMOS A TENTAR DAR HANDLE DA SYSCALL 89
ESTAMOS A TENTAR DAR HANDLE DA SYSCALL 2
Isto é no pre-syscall: 
Esta instrução é um open, e vem do host 0
Na thread 1000

Isto é no post-syscall: 
Esta instrução é um open, e vem do host 0
Na thread 1000

ESTAMOS A TENTAR DAR HANDLE DA SYSCALL 2
Isto é no pre-syscall: 
Esta instrução é um open, e vem do host 0
Na thread 1000

Isto é no post-syscall: 
Esta instrução é um open, e vem do host 0
Na thread 1000

ESTAMOS A TENTAR DAR HANDLE DA SYSCALL 332
Isto é no pre-syscall: 
Esta instrução é um statx, e vem do host 0
Na thread 1000

Isto é no post-syscall: 
Esta instrução é um statx, e vem do host 0
Na thread 1000

ESTAMOS A TENTAR DAR HANDLE DA SYSCALL 89
ESTAMOS A TENTAR DAR HANDLE DA SYSCALL 89
ESTAMOS A TENTAR DAR HANDLE DA SYSCALL 2
Isto é no pre-syscall: 
Esta instrução é um open, e vem do host 0
Na thread 1000

Isto é no post-syscall: 
Esta instrução é um open, e vem do host 0
Na thread 1000

ESTAMOS A TENTAR DAR HANDLE DA SYSCALL 2
Isto é no pre-syscall: 
Esta instrução é um open, e vem do host 0
Na thread 1000

Isto é no post-syscall: 
Esta instrução é um open, e vem do host 0
Na thread 1000

ESTAMOS A TENTAR DAR HANDLE DA SYSCALL 332
Isto é no pre-syscall: 
Esta instrução é um statx, e vem do host 0
Na thread 1000

Isto é no post-syscall: 
Esta instrução é um statx, e vem do host 0
Na thread 1000

ESTAMOS A TENTAR DAR HANDLE DA SYSCALL 89
ESTAMOS A TENTAR DAR HANDLE DA SYSCALL 2
Isto é no pre-syscall: 
Esta instrução é um open, e vem do host 0
Na thread 1000

Isto é no post-syscall: 
Esta instrução é um open, e vem do host 0
Na thread 1000

ESTAMOS A TENTAR DAR HANDLE DA SYSCALL 2
Isto é no pre-syscall: 
Esta instrução é um open, e vem do host 0
Na thread 1000

Isto é no post-syscall: 
Esta instrução é um open, e vem do host 0
Na thread 1000

ESTAMOS A TENTAR DAR HANDLE DA SYSCALL 332
Isto é no pre-syscall: 
Esta instrução é um statx, e vem do host 0
Na thread 1000

Isto é no post-syscall: 
Esta instrução é um statx, e vem do host 0
Na thread 1000

ESTAMOS A TENTAR DAR HANDLE DA SYSCALL 2
Isto é no pre-syscall: 
Esta instrução é um open, e vem do host 0
Na thread 1000

Isto é no post-syscall: 
Esta instrução é um open, e vem do host 0
Na thread 1000

ESTAMOS A TENTAR DAR HANDLE DA SYSCALL 2
Isto é no pre-syscall: 
Esta instrução é um open, e vem do host 0
Na thread 1000

Isto é no post-syscall: 
Esta instrução é um open, e vem do host 0
Na thread 1000

ESTAMOS A TENTAR DAR HANDLE DA SYSCALL 63
Isto é no pre-syscall: 
Esta instrução é um uname, e vem do host 0
Na thread 1000

Isto é no post-syscall: 
Esta instrução é um uname, e vem do host 0
Na thread 1000

ESTAMOS A TENTAR DAR HANDLE DA SYSCALL 332
Isto é no pre-syscall: 
Esta instrução é um statx, e vem do host 0
Na thread 1000

Isto é no post-syscall: 
Esta instrução é um statx, e vem do host 0
Na thread 1000

ESTAMOS A TENTAR DAR HANDLE DA SYSCALL 332
Isto é no pre-syscall: 
Esta instrução é um statx, e vem do host 0
Na thread 1000

Isto é no post-syscall: 
Esta instrução é um statx, e vem do host 0
Na thread 1000

ESTAMOS A TENTAR DAR HANDLE DA SYSCALL 332
Isto é no pre-syscall: 
Esta instrução é um statx, e vem do host 0
Na thread 1000

Isto é no post-syscall: 
Esta instrução é um statx, e vem do host 0
Na thread 1000

ESTAMOS A TENTAR DAR HANDLE DA SYSCALL 2
Isto é no pre-syscall: 
Esta instrução é um open, e vem do host 0
Na thread 1000

Isto é no post-syscall: 
Esta instrução é um open, e vem do host 0
Na thread 1000

ESTAMOS A TENTAR DAR HANDLE DA SYSCALL 332
Isto é no pre-syscall: 
Esta instrução é um statx, e vem do host 0
Na thread 1000

Isto é no post-syscall: 
Esta instrução é um statx, e vem do host 0
Na thread 1000

ESTAMOS A TENTAR DAR HANDLE DA SYSCALL 8
Isto é no pre-syscall: 
Esta instrução é um lseek, e vem do host 0
Na thread 1000

Isto é no post-syscall: 
Esta instrução é um lseek, e vem do host 0
Na thread 1000

ESTAMOS A TENTAR DAR HANDLE DA SYSCALL 0
Isto é no pre-syscall: 
Esta instrução é um read, e vem do host 0
Na thread 1000

Isto é no post-syscall: 
Esta instrução é um read, e vem do host 0
Na thread 1000

ESTAMOS A TENTAR DAR HANDLE DA SYSCALL 0
Isto é no pre-syscall: 
Esta instrução é um read, e vem do host 0
Na thread 1000

Isto é no post-syscall: 
Esta instrução é um read, e vem do host 0
Na thread 1000

ESTAMOS A TENTAR DAR HANDLE DA SYSCALL 3
Isto é no pre-syscall: 
Esta instrução é um close, e vem do host 0
Na thread 1000

Isto é no post-syscall: 
Esta instrução é um close, e vem do host 0
Na thread 1000

ESTAMOS A TENTAR DAR HANDLE DA SYSCALL 332
Isto é no pre-syscall: 
Esta instrução é um statx, e vem do host 0
Na thread 1000

Isto é no post-syscall: 
Esta instrução é um statx, e vem do host 0
Na thread 1000

ESTAMOS A TENTAR DAR HANDLE DA SYSCALL 2
Isto é no pre-syscall: 
Esta instrução é um open, e vem do host 0
Na thread 1000

Isto é no post-syscall: 
Esta instrução é um open, e vem do host 0
Na thread 1000

ESTAMOS A TENTAR DAR HANDLE DA SYSCALL 332
Isto é no pre-syscall: 
Esta instrução é um statx, e vem do host 0
Na thread 1000

Isto é no post-syscall: 
Esta instrução é um statx, e vem do host 0
Na thread 1000

ESTAMOS A TENTAR DAR HANDLE DA SYSCALL 8
Isto é no pre-syscall: 
Esta instrução é um lseek, e vem do host 0
Na thread 1000

Isto é no post-syscall: 
Esta instrução é um lseek, e vem do host 0
Na thread 1000

ESTAMOS A TENTAR DAR HANDLE DA SYSCALL 9
Isto é no pre-syscall: 
Esta instrução é um mmap, e vem do host 0
Na thread 1000

Isto é no post-syscall: 
Esta instrução é um mmap, e vem do host 0
Na thread 1000

ESTAMOS A TENTAR DAR HANDLE DA SYSCALL 0
Isto é no pre-syscall: 
Esta instrução é um read, e vem do host 0
Na thread 1000

Isto é no post-syscall: 
Esta instrução é um read, e vem do host 0
Na thread 1000

ESTAMOS A TENTAR DAR HANDLE DA SYSCALL 0
Isto é no pre-syscall: 
Esta instrução é um read, e vem do host 0
Na thread 1000

Isto é no post-syscall: 
Esta instrução é um read, e vem do host 0
Na thread 1000

ESTAMOS A TENTAR DAR HANDLE DA SYSCALL 3
Isto é no pre-syscall: 
Esta instrução é um close, e vem do host 0
Na thread 1000

Isto é no post-syscall: 
Esta instrução é um close, e vem do host 0
Na thread 1000

ESTAMOS A TENTAR DAR HANDLE DA SYSCALL 12
Isto é no pre-syscall: 
Esta instrução é um brk, e vem do host 0
Na thread 1000

Isto é no post-syscall: 
Esta instrução é um brk, e vem do host 0
Na thread 1000

ESTAMOS A TENTAR DAR HANDLE DA SYSCALL 12
Isto é no pre-syscall: 
Esta instrução é um brk, e vem do host 0
Na thread 1000

Isto é no post-syscall: 
Esta instrução é um brk, e vem do host 0
Na thread 1000

ESTAMOS A TENTAR DAR HANDLE DA SYSCALL 12
Isto é no pre-syscall: 
Esta instrução é um brk, e vem do host 0
Na thread 1000

Isto é no post-syscall: 
Esta instrução é um brk, e vem do host 0
Na thread 1000

ESTAMOS A TENTAR DAR HANDLE DA SYSCALL 12
Isto é no pre-syscall: 
Esta instrução é um brk, e vem do host 0
Na thread 1000

Isto é no post-syscall: 
Esta instrução é um brk, e vem do host 0
Na thread 1000

ESTAMOS A TENTAR DAR HANDLE DA SYSCALL 12
Isto é no pre-syscall: 
Esta instrução é um brk, e vem do host 0
Na thread 1000

Isto é no post-syscall: 
Esta instrução é um brk, e vem do host 0
Na thread 1000

ESTAMOS A TENTAR DAR HANDLE DA SYSCALL 12
Isto é no pre-syscall: 
Esta instrução é um brk, e vem do host 0
Na thread 1000

Isto é no post-syscall: 
Esta instrução é um brk, e vem do host 0
Na thread 1000

ESTAMOS A TENTAR DAR HANDLE DA SYSCALL 12
Isto é no pre-syscall: 
Esta instrução é um brk, e vem do host 0
Na thread 1000

Isto é no post-syscall: 
Esta instrução é um brk, e vem do host 0
Na thread 1000

ESTAMOS A TENTAR DAR HANDLE DA SYSCALL 12
Isto é no pre-syscall: 
Esta instrução é um brk, e vem do host 0
Na thread 1000

Isto é no post-syscall: 
Esta instrução é um brk, e vem do host 0
Na thread 1000

ESTAMOS A TENTAR DAR HANDLE DA SYSCALL 12
Isto é no pre-syscall: 
Esta instrução é um brk, e vem do host 0
Na thread 1000

Isto é no post-syscall: 
Esta instrução é um brk, e vem do host 0
Na thread 1000

ESTAMOS A TENTAR DAR HANDLE DA SYSCALL 12
Isto é no pre-syscall: 
Esta instrução é um brk, e vem do host 0
Na thread 1000

Isto é no post-syscall: 
Esta instrução é um brk, e vem do host 0
Na thread 1000

ESTAMOS A TENTAR DAR HANDLE DA SYSCALL 12
Isto é no pre-syscall: 
Esta instrução é um brk, e vem do host 0
Na thread 1000

Isto é no post-syscall: 
Esta instrução é um brk, e vem do host 0
Na thread 1000

ESTAMOS A TENTAR DAR HANDLE DA SYSCALL 9
Isto é no pre-syscall: 
Esta instrução é um mmap, e vem do host 0
Na thread 1000

Isto é no post-syscall: 
Esta instrução é um mmap, e vem do host 0
Na thread 1000

ESTAMOS A TENTAR DAR HANDLE DA SYSCALL 12
Isto é no pre-syscall: 
Esta instrução é um brk, e vem do host 0
Na thread 1000

Isto é no post-syscall: 
Esta instrução é um brk, e vem do host 0
Na thread 1000

ESTAMOS A TENTAR DAR HANDLE DA SYSCALL 12
Isto é no pre-syscall: 
Esta instrução é um brk, e vem do host 0
Na thread 1000

Isto é no post-syscall: 
Esta instrução é um brk, e vem do host 0
Na thread 1000

ESTAMOS A TENTAR DAR HANDLE DA SYSCALL 12
Isto é no pre-syscall: 
Esta instrução é um brk, e vem do host 0
Na thread 1000

Isto é no post-syscall: 
Esta instrução é um brk, e vem do host 0
Na thread 1000

ESTAMOS A TENTAR DAR HANDLE DA SYSCALL 12
Isto é no pre-syscall: 
Esta instrução é um brk, e vem do host 0
Na thread 1000

Isto é no post-syscall: 
Esta instrução é um brk, e vem do host 0
Na thread 1000

ESTAMOS A TENTAR DAR HANDLE DA SYSCALL 12
Isto é no pre-syscall: 
Esta instrução é um brk, e vem do host 0
Na thread 1000

Isto é no post-syscall: 
Esta instrução é um brk, e vem do host 0
Na thread 1000

ESTAMOS A TENTAR DAR HANDLE DA SYSCALL 12
Isto é no pre-syscall: 
Esta instrução é um brk, e vem do host 0
Na thread 1000

Isto é no post-syscall: 
Esta instrução é um brk, e vem do host 0
Na thread 1000

ESTAMOS A TENTAR DAR HANDLE DA SYSCALL 12
Isto é no pre-syscall: 
Esta instrução é um brk, e vem do host 0
Na thread 1000

Isto é no post-syscall: 
Esta instrução é um brk, e vem do host 0
Na thread 1000

ESTAMOS A TENTAR DAR HANDLE DA SYSCALL 12
Isto é no pre-syscall: 
Esta instrução é um brk, e vem do host 0
Na thread 1000

Isto é no post-syscall: 
Esta instrução é um brk, e vem do host 0
Na thread 1000

ESTAMOS A TENTAR DAR HANDLE DA SYSCALL 12
Isto é no pre-syscall: 
Esta instrução é um brk, e vem do host 0
Na thread 1000

Isto é no post-syscall: 
Esta instrução é um brk, e vem do host 0
Na thread 1000

ESTAMOS A TENTAR DAR HANDLE DA SYSCALL 12
Isto é no pre-syscall: 
Esta instrução é um brk, e vem do host 0
Na thread 1000

Isto é no post-syscall: 
Esta instrução é um brk, e vem do host 0
Na thread 1000

ESTAMOS A TENTAR DAR HANDLE DA SYSCALL 12
Isto é no pre-syscall: 
Esta instrução é um brk, e vem do host 0
Na thread 1000

Isto é no post-syscall: 
Esta instrução é um brk, e vem do host 0
Na thread 1000

ESTAMOS A TENTAR DAR HANDLE DA SYSCALL 25
Isto é no pre-syscall: 
Esta instrução é um mremap, e vem do host 0
Na thread 1000

Isto é no post-syscall: 
Esta instrução é um mremap, e vem do host 0
Na thread 1000

ESTAMOS A TENTAR DAR HANDLE DA SYSCALL 12
Isto é no pre-syscall: 
Esta instrução é um brk, e vem do host 0
Na thread 1000

Isto é no post-syscall: 
Esta instrução é um brk, e vem do host 0
Na thread 1000

ESTAMOS A TENTAR DAR HANDLE DA SYSCALL 12
Isto é no pre-syscall: 
Esta instrução é um brk, e vem do host 0
Na thread 1000

Isto é no post-syscall: 
Esta instrução é um brk, e vem do host 0
Na thread 1000

ESTAMOS A TENTAR DAR HANDLE DA SYSCALL 12
Isto é no pre-syscall: 
Esta instrução é um brk, e vem do host 0
Na thread 1000

Isto é no post-syscall: 
Esta instrução é um brk, e vem do host 0
Na thread 1000

ESTAMOS A TENTAR DAR HANDLE DA SYSCALL 12
Isto é no pre-syscall: 
Esta instrução é um brk, e vem do host 0
Na thread 1000

Isto é no post-syscall: 
Esta instrução é um brk, e vem do host 0
Na thread 1000

ESTAMOS A TENTAR DAR HANDLE DA SYSCALL 12
Isto é no pre-syscall: 
Esta instrução é um brk, e vem do host 0
Na thread 1000

Isto é no post-syscall: 
Esta instrução é um brk, e vem do host 0
Na thread 1000

ESTAMOS A TENTAR DAR HANDLE DA SYSCALL 12
Isto é no pre-syscall: 
Esta instrução é um brk, e vem do host 0
Na thread 1000

Isto é no post-syscall: 
Esta instrução é um brk, e vem do host 0
Na thread 1000

ESTAMOS A TENTAR DAR HANDLE DA SYSCALL 12
Isto é no pre-syscall: 
Esta instrução é um brk, e vem do host 0
Na thread 1000

Isto é no post-syscall: 
Esta instrução é um brk, e vem do host 0
Na thread 1000

ESTAMOS A TENTAR DAR HANDLE DA SYSCALL 12
Isto é no pre-syscall: 
Esta instrução é um brk, e vem do host 0
Na thread 1000

Isto é no post-syscall: 
Esta instrução é um brk, e vem do host 0
Na thread 1000

ESTAMOS A TENTAR DAR HANDLE DA SYSCALL 12
Isto é no pre-syscall: 
Esta instrução é um brk, e vem do host 0
Na thread 1000

Isto é no post-syscall: 
Esta instrução é um brk, e vem do host 0
Na thread 1000

ESTAMOS A TENTAR DAR HANDLE DA SYSCALL 12
Isto é no pre-syscall: 
Esta instrução é um brk, e vem do host 0
Na thread 1000

Isto é no post-syscall: 
Esta instrução é um brk, e vem do host 0
Na thread 1000

ESTAMOS A TENTAR DAR HANDLE DA SYSCALL 12
Isto é no pre-syscall: 
Esta instrução é um brk, e vem do host 0
Na thread 1000

Isto é no post-syscall: 
Esta instrução é um brk, e vem do host 0
Na thread 1000

ESTAMOS A TENTAR DAR HANDLE DA SYSCALL 12
Isto é no pre-syscall: 
Esta instrução é um brk, e vem do host 0
Na thread 1000

Isto é no post-syscall: 
Esta instrução é um brk, e vem do host 0
Na thread 1000

ESTAMOS A TENTAR DAR HANDLE DA SYSCALL 12
Isto é no pre-syscall: 
Esta instrução é um brk, e vem do host 0
Na thread 1000

Isto é no post-syscall: 
Esta instrução é um brk, e vem do host 0
Na thread 1000

ESTAMOS A TENTAR DAR HANDLE DA SYSCALL 12
Isto é no pre-syscall: 
Esta instrução é um brk, e vem do host 0
Na thread 1000

Isto é no post-syscall: 
Esta instrução é um brk, e vem do host 0
Na thread 1000

ESTAMOS A TENTAR DAR HANDLE DA SYSCALL 12
Isto é no pre-syscall: 
Esta instrução é um brk, e vem do host 0
Na thread 1000

Isto é no post-syscall: 
Esta instrução é um brk, e vem do host 0
Na thread 1000

ESTAMOS A TENTAR DAR HANDLE DA SYSCALL 12
Isto é no pre-syscall: 
Esta instrução é um brk, e vem do host 0
Na thread 1000

Isto é no post-syscall: 
Esta instrução é um brk, e vem do host 0
Na thread 1000

ESTAMOS A TENTAR DAR HANDLE DA SYSCALL 12
Isto é no pre-syscall: 
Esta instrução é um brk, e vem do host 0
Na thread 1000

Isto é no post-syscall: 
Esta instrução é um brk, e vem do host 0
Na thread 1000

ESTAMOS A TENTAR DAR HANDLE DA SYSCALL 12
Isto é no pre-syscall: 
Esta instrução é um brk, e vem do host 0
Na thread 1000

Isto é no post-syscall: 
Esta instrução é um brk, e vem do host 0
Na thread 1000

ESTAMOS A TENTAR DAR HANDLE DA SYSCALL 12
Isto é no pre-syscall: 
Esta instrução é um brk, e vem do host 0
Na thread 1000

Isto é no post-syscall: 
Esta instrução é um brk, e vem do host 0
Na thread 1000

ESTAMOS A TENTAR DAR HANDLE DA SYSCALL 12
Isto é no pre-syscall: 
Esta instrução é um brk, e vem do host 0
Na thread 1000

Isto é no post-syscall: 
Esta instrução é um brk, e vem do host 0
Na thread 1000

ESTAMOS A TENTAR DAR HANDLE DA SYSCALL 12
Isto é no pre-syscall: 
Esta instrução é um brk, e vem do host 0
Na thread 1000

Isto é no post-syscall: 
Esta instrução é um brk, e vem do host 0
Na thread 1000

ESTAMOS A TENTAR DAR HANDLE DA SYSCALL 12
Isto é no pre-syscall: 
Esta instrução é um brk, e vem do host 0
Na thread 1000

Isto é no post-syscall: 
Esta instrução é um brk, e vem do host 0
Na thread 1000

ESTAMOS A TENTAR DAR HANDLE DA SYSCALL 12
Isto é no pre-syscall: 
Esta instrução é um brk, e vem do host 0
Na thread 1000

Isto é no post-syscall: 
Esta instrução é um brk, e vem do host 0
Na thread 1000

ESTAMOS A TENTAR DAR HANDLE DA SYSCALL 12
Isto é no pre-syscall: 
Esta instrução é um brk, e vem do host 0
Na thread 1000

Isto é no post-syscall: 
Esta instrução é um brk, e vem do host 0
Na thread 1000

ESTAMOS A TENTAR DAR HANDLE DA SYSCALL 12
Isto é no pre-syscall: 
Esta instrução é um brk, e vem do host 0
Na thread 1000

Isto é no post-syscall: 
Esta instrução é um brk, e vem do host 0
Na thread 1000

ESTAMOS A TENTAR DAR HANDLE DA SYSCALL 12
Isto é no pre-syscall: 
Esta instrução é um brk, e vem do host 0
Na thread 1000

Isto é no post-syscall: 
Esta instrução é um brk, e vem do host 0
Na thread 1000

ESTAMOS A TENTAR DAR HANDLE DA SYSCALL 12
Isto é no pre-syscall: 
Esta instrução é um brk, e vem do host 0
Na thread 1000

Isto é no post-syscall: 
Esta instrução é um brk, e vem do host 0
Na thread 1000

ESTAMOS A TENTAR DAR HANDLE DA SYSCALL 12
Isto é no pre-syscall: 
Esta instrução é um brk, e vem do host 0
Na thread 1000

Isto é no post-syscall: 
Esta instrução é um brk, e vem do host 0
Na thread 1000

ESTAMOS A TENTAR DAR HANDLE DA SYSCALL 12
Isto é no pre-syscall: 
Esta instrução é um brk, e vem do host 0
Na thread 1000

Isto é no post-syscall: 
Esta instrução é um brk, e vem do host 0
Na thread 1000

ESTAMOS A TENTAR DAR HANDLE DA SYSCALL 12
Isto é no pre-syscall: 
Esta instrução é um brk, e vem do host 0
Na thread 1000

Isto é no post-syscall: 
Esta instrução é um brk, e vem do host 0
Na thread 1000

ESTAMOS A TENTAR DAR HANDLE DA SYSCALL 12
Isto é no pre-syscall: 
Esta instrução é um brk, e vem do host 0
Na thread 1000

Isto é no post-syscall: 
Esta instrução é um brk, e vem do host 0
Na thread 1000

ESTAMOS A TENTAR DAR HANDLE DA SYSCALL 12
Isto é no pre-syscall: 
Esta instrução é um brk, e vem do host 0
Na thread 1000

Isto é no post-syscall: 
Esta instrução é um brk, e vem do host 0
Na thread 1000

ESTAMOS A TENTAR DAR HANDLE DA SYSCALL 12
Isto é no pre-syscall: 
Esta instrução é um brk, e vem do host 0
Na thread 1000

Isto é no post-syscall: 
Esta instrução é um brk, e vem do host 0
Na thread 1000

ESTAMOS A TENTAR DAR HANDLE DA SYSCALL 12
Isto é no pre-syscall: 
Esta instrução é um brk, e vem do host 0
Na thread 1000

Isto é no post-syscall: 
Esta instrução é um brk, e vem do host 0
Na thread 1000

ESTAMOS A TENTAR DAR HANDLE DA SYSCALL 12
Isto é no pre-syscall: 
Esta instrução é um brk, e vem do host 0
Na thread 1000

Isto é no post-syscall: 
Esta instrução é um brk, e vem do host 0
Na thread 1000

ESTAMOS A TENTAR DAR HANDLE DA SYSCALL 12
Isto é no pre-syscall: 
Esta instrução é um brk, e vem do host 0
Na thread 1000

Isto é no post-syscall: 
Esta instrução é um brk, e vem do host 0
Na thread 1000

ESTAMOS A TENTAR DAR HANDLE DA SYSCALL 12
Isto é no pre-syscall: 
Esta instrução é um brk, e vem do host 0
Na thread 1000

Isto é no post-syscall: 
Esta instrução é um brk, e vem do host 0
Na thread 1000

ESTAMOS A TENTAR DAR HANDLE DA SYSCALL 12
Isto é no pre-syscall: 
Esta instrução é um brk, e vem do host 0
Na thread 1000

Isto é no post-syscall: 
Esta instrução é um brk, e vem do host 0
Na thread 1000

ESTAMOS A TENTAR DAR HANDLE DA SYSCALL 12
Isto é no pre-syscall: 
Esta instrução é um brk, e vem do host 0
Na thread 1000

Isto é no post-syscall: 
Esta instrução é um brk, e vem do host 0
Na thread 1000

ESTAMOS A TENTAR DAR HANDLE DA SYSCALL 12
Isto é no pre-syscall: 
Esta instrução é um brk, e vem do host 0
Na thread 1000

Isto é no post-syscall: 
Esta instrução é um brk, e vem do host 0
Na thread 1000

ESTAMOS A TENTAR DAR HANDLE DA SYSCALL 12
Isto é no pre-syscall: 
Esta instrução é um brk, e vem do host 0
Na thread 1000

Isto é no post-syscall: 
Esta instrução é um brk, e vem do host 0
Na thread 1000

ESTAMOS A TENTAR DAR HANDLE DA SYSCALL 12
Isto é no pre-syscall: 
Esta instrução é um brk, e vem do host 0
Na thread 1000

Isto é no post-syscall: 
Esta instrução é um brk, e vem do host 0
Na thread 1000

ESTAMOS A TENTAR DAR HANDLE DA SYSCALL 12
Isto é no pre-syscall: 
Esta instrução é um brk, e vem do host 0
Na thread 1000

Isto é no post-syscall: 
Esta instrução é um brk, e vem do host 0
Na thread 1000

ESTAMOS A TENTAR DAR HANDLE DA SYSCALL 11
Isto é no pre-syscall: 
Esta instrução é um munmap, e vem do host 0
Na thread 1000

Isto é no post-syscall: 
Esta instrução é um munmap, e vem do host 0
Na thread 1000

ESTAMOS A TENTAR DAR HANDLE DA SYSCALL 11
Isto é no pre-syscall: 
Esta instrução é um munmap, e vem do host 0
Na thread 1000

Isto é no post-syscall: 
Esta instrução é um munmap, e vem do host 0
Na thread 1000

ESTAMOS A TENTAR DAR HANDLE DA SYSCALL 332
Isto é no pre-syscall: 
Esta instrução é um statx, e vem do host 0
Na thread 1000

Isto é no post-syscall: 
Esta instrução é um statx, e vem do host 0
Na thread 1000

ESTAMOS A TENTAR DAR HANDLE DA SYSCALL 2
Isto é no pre-syscall: 
Esta instrução é um open, e vem do host 0
Na thread 1000

Isto é no post-syscall: 
Esta instrução é um open, e vem do host 0
Na thread 1000

ESTAMOS A TENTAR DAR HANDLE DA SYSCALL 332
Isto é no pre-syscall: 
Esta instrução é um statx, e vem do host 0
Na thread 1000

Isto é no post-syscall: 
Esta instrução é um statx, e vem do host 0
Na thread 1000

ESTAMOS A TENTAR DAR HANDLE DA SYSCALL 8
Isto é no pre-syscall: 
Esta instrução é um lseek, e vem do host 0
Na thread 1000

Isto é no post-syscall: 
Esta instrução é um lseek, e vem do host 0
Na thread 1000

ESTAMOS A TENTAR DAR HANDLE DA SYSCALL 0
Isto é no pre-syscall: 
Esta instrução é um read, e vem do host 0
Na thread 1000

Isto é no post-syscall: 
Esta instrução é um read, e vem do host 0
Na thread 1000

ESTAMOS A TENTAR DAR HANDLE DA SYSCALL 0
Isto é no pre-syscall: 
Esta instrução é um read, e vem do host 0
Na thread 1000

Isto é no post-syscall: 
Esta instrução é um read, e vem do host 0
Na thread 1000

ESTAMOS A TENTAR DAR HANDLE DA SYSCALL 3
Isto é no pre-syscall: 
Esta instrução é um close, e vem do host 0
Na thread 1000

Isto é no post-syscall: 
Esta instrução é um close, e vem do host 0
Na thread 1000

ESTAMOS A TENTAR DAR HANDLE DA SYSCALL 12
Isto é no pre-syscall: 
Esta instrução é um brk, e vem do host 0
Na thread 1000

Isto é no post-syscall: 
Esta instrução é um brk, e vem do host 0
Na thread 1000

ESTAMOS A TENTAR DAR HANDLE DA SYSCALL 332
Isto é no pre-syscall: 
Esta instrução é um statx, e vem do host 0
Na thread 1000

Isto é no post-syscall: 
Esta instrução é um statx, e vem do host 0
Na thread 1000

ESTAMOS A TENTAR DAR HANDLE DA SYSCALL 332
Isto é no pre-syscall: 
Esta instrução é um statx, e vem do host 0
Na thread 1000

Isto é no post-syscall: 
Esta instrução é um statx, e vem do host 0
Na thread 1000

ESTAMOS A TENTAR DAR HANDLE DA SYSCALL 79
ESTAMOS A TENTAR DAR HANDLE DA SYSCALL 102
ESTAMOS A TENTAR DAR HANDLE DA SYSCALL 262
Isto é no pre-syscall: 
Esta instrução é um newfstatat, e vem do host 0
Na thread 1000

Isto é no post-syscall: 
Esta instrução é um newfstatat, e vem do host 0
Na thread 1000

ESTAMOS A TENTAR DAR HANDLE DA SYSCALL 257
Isto é no pre-syscall: 
Esta instrução é um openat, e vem do host 0
Na thread 1000

Isto é no post-syscall: 
Esta instrução é um openat, e vem do host 0
Na thread 1000

ESTAMOS A TENTAR DAR HANDLE DA SYSCALL 262
Isto é no pre-syscall: 
Esta instrução é um newfstatat, e vem do host 0
Na thread 1000

Isto é no post-syscall: 
Esta instrução é um newfstatat, e vem do host 0
Na thread 1000

ESTAMOS A TENTAR DAR HANDLE DA SYSCALL 8
Isto é no pre-syscall: 
Esta instrução é um lseek, e vem do host 0
Na thread 1000

Isto é no post-syscall: 
Esta instrução é um lseek, e vem do host 0
Na thread 1000

ESTAMOS A TENTAR DAR HANDLE DA SYSCALL 0
Isto é no pre-syscall: 
Esta instrução é um read, e vem do host 0
Na thread 1000

Isto é no post-syscall: 
Esta instrução é um read, e vem do host 0
Na thread 1000

ESTAMOS A TENTAR DAR HANDLE DA SYSCALL 3
Isto é no pre-syscall: 
Esta instrução é um close, e vem do host 0
Na thread 1000

Isto é no post-syscall: 
Esta instrução é um close, e vem do host 0
Na thread 1000

ESTAMOS A TENTAR DAR HANDLE DA SYSCALL 79
ESTAMOS A TENTAR DAR HANDLE DA SYSCALL 102
ESTAMOS A TENTAR DAR HANDLE DA SYSCALL 262
Isto é no pre-syscall: 
Esta instrução é um newfstatat, e vem do host 0
Na thread 1000

Isto é no post-syscall: 
Esta instrução é um newfstatat, e vem do host 0
Na thread 1000

ESTAMOS A TENTAR DAR HANDLE DA SYSCALL 257
Isto é no pre-syscall: 
Esta instrução é um openat, e vem do host 0
Na thread 1000

Isto é no post-syscall: 
Esta instrução é um openat, e vem do host 0
Na thread 1000

ESTAMOS A TENTAR DAR HANDLE DA SYSCALL 262
Isto é no p00:00:00.162554 [36911:shadow-worker] 00:00:00.000263020 [INFO] [monitor:11.0.0.1] [process.rs:1095] [shadow_rs::host::process] process 'monitor.cargo.1000' has completed or is otherwise no longer running
00:00:00.162638 [36911:shadow-worker] 00:00:00.000263020 [WARN] [monitor:11.0.0.1] [process.rs:1085] [shadow_rs::host::process] process 'monitor.cargo.1000' exited with code 139 (error)
00:00:00.162654 [36911:shadow-worker] 00:00:00.000263020 [INFO] [monitor:11.0.0.1] [syscall_handler.c:132] [_syscallhandler_free] handled 225 syscalls
00:00:00.162665 [36911:shadow-worker] 00:00:00.000263020 [INFO] [monitor:11.0.0.1] [syscall_handler.c:138] [_syscallhandler_free] Thread 1000 (cargo) syscall counts: {brk:71, read:24, statx:24, open:21, futex:16, newfstatat:13, close:12, lseek:8, openat:7, rt_sigaction:6, mmap:4, munmap:3, connect:2, sigaltstack:2, socket:2, uname:2, execve:1, getrandom:1, mprotect:1, mremap:1, poll:1, prlimit64:1, shadow_init_memory_manager:1, sysinfo:1}
UM NOVO ROUND VAI COMEÇAR (round number 1), 0:0:1
00:00:00.162734 [36911:shadow-worker] 00:00:01.000000000 [INFO] [monitor:11.0.0.1] [tracker.c:473] [_tracker_logNode] [shadow-heartbeat] [node] 1,0,0,0.000000,0,0.000000;0,0,0,0,0,0,0,0,0,0,0,0;0,0,0,0,0,0,0,0,0,0,0,0;0,0,0,0,0,0,0,0,0,0,0,0;0,0,0,0,0,0,0,0,0,0,0,0
UM NOVO ROUND VAI COMEÇAR (round number 2), 0:0:2
UM NOVO ROUND VAI COMEÇAR (round number 3), 0:0:3
00:00:00.162807 [36911:shadow-worker] 00:00:02.000000000 [INFO] [monitor:11.0.0.1] [tracker.c:473] [_tracker_logNode] [shadow-heartbeat] [node] 1,0,0,0.000000,0,0.000000;0,0,0,0,0,0,0,0,0,0,0,0;0,0,0,0,0,0,0,0,0,0,0,0;0,0,0,0,0,0,0,0,0,0,0,0;0,0,0,0,0,0,0,0,0,0,0,0
00:00:00.162807 [36897:shadow] n/a [INFO] [n/a] [manager.rs:764] [shadow_rs::core::manager] Process resource usage at simtime 2000000000 reported by getrusage(): ru_maxrss=0.156 GiB, ru_utime=0.000 minutes, ru_stime=0.000 minutes, ru_nvcsw=431, ru_nivcsw=69, _manager_heartbeat
00:00:00.162820 [36911:shadow-worker] 00:00:03.000000000 [INFO] [monitor:11.0.0.1] [tracker.c:473] [_tracker_logNode] [shadow-heartbeat] [node] 1,0,0,0.000000,0,0.000000;0,0,0,0,0,0,0,0,0,0,0,0;0,0,0,0,0,0,0,0,0,0,0,0;0,0,0,0,0,0,0,0,0,0,0,0;0,0,0,0,0,0,0,0,0,0,0,0
UM NOVO ROUND VAI COMEÇAR (round number 4), 0:0:4
00:00:00.162835 [36897:shadow] n/a [INFO] [n/a] [manager.rs:764] [shadow_rs::core::manager] Process resource usage at simtime 4000000000 reported by getrusage(): ru_maxrss=0.156 GiB, ru_utime=0.000 minutes, ru_stime=0.000 minutes, ru_nvcsw=434, ru_nivcsw=69, _manager_heartbeat
00:00:00.162838 [36911:shadow-worker] 00:00:04.000000000 [INFO] [monitor:11.0.0.1] [tracker.c:473] [_tracker_logNode] [shadow-heartbeat] [node] 1,0,0,0.000000,0,0.000000;0,0,0,0,0,0,0,0,0,0,0,0;0,0,0,0,0,0,0,0,0,0,0,0;0,0,0,0,0,0,0,0,0,0,0,0;0,0,0,0,0,0,0,0,0,0,0,0
UM NOVO ROUND VAI COMEÇAR (round number 5), 0:0:5
00:00:00.162862 [36911:shadow-worker] 00:00:05.000000000 [INFO] [monitor:11.0.0.1] [tracker.c:473] [_tracker_logNode] [shadow-heartbeat] [node] 1,0,0,0.000000,0,0.000000;0,0,0,0,0,0,0,0,0,0,0,0;0,0,0,0,0,0,0,0,0,0,0,0;0,0,0,0,0,0,0,0,0,0,0,0;0,0,0,0,0,0,0,0,0,0,0,0
UM NOVO ROUND VAI COMEÇAR (round number 6), 0:0:6
00:00:00.162893 [36897:shadow] n/a [INFO] [n/a] [manager.rs:764] [shadow_rs::core::manager] Process resource usage at simtime 6000000000 reported by getrusage(): ru_maxrss=0.156 GiB, ru_utime=0.000 minutes, ru_stime=0.000 minutes, ru_nvcsw=443, ru_nivcsw=69, _manager_heartbeat
00:00:00.162897 [36911:shadow-worker] 00:00:06.000000000 [INFO] [monitor:11.0.0.1] [tracker.c:473] [_tracker_logNode] [shadow-heartbeat] [node] 1,0,0,0.000000,0,0.000000;0,0,0,0,0,0,0,0,0,0,0,0;0,0,0,0,0,0,0,0,0,0,0,0;0,0,0,0,0,0,0,0,0,0,0,0;0,0,0,0,0,0,0,0,0,0,0,0
UM NOVO ROUND VAI COMEÇAR (round number 7), 0:0:7
00:00:00.162921 [36911:shadow-worker] 00:00:07.000000000 [INFO] [monitor:11.0.0.1] [tracker.c:473] [_tracker_logNode] [shadow-heartbeat] [node] 1,0,0,0.000000,0,0.000000;0,0,0,0,0,0,0,0,0,0,0,0;0,0,0,0,0,0,0,0,0,0,0,0;0,0,0,0,0,0,0,0,0,0,0,0;0,0,0,0,0,0,0,0,0,0,0,0
UM NOVO ROUND VAI COMEÇAR (round number 8), 4861127:291667654:33
00:00:00.162942 [36911:shadow-worker] 00:00:08.000000000 [INFO] [monitor:11.0.0.1] [process.rs:575] [shadow_rs::host::process] terminating process monitor.cargo.1000
00:00:00.162944 [36911:shadow-worker] 00:00:08.000000000 [WARN] [monitor:11.0.0.1] [process.rs:1016] [shadow_rs::host::process] kill: ESRCH
00:00:00.162945 [36911:shadow-worker] 00:00:08.000000000 [INFO] [monitor:11.0.0.1] [process.rs:1095] [shadow_rs::host::process] process 'monitor.cargo.1000' has completed or is otherwise no longer running
00:00:00.162945 [36911:shadow-worker] 00:00:08.000000000 [INFO] [monitor:11.0.0.1] [process.rs:590] [shadow_rs::host::process] process 'monitor.cargo.1000' stopped
00:00:00.162946 [36911:shadow-worker] 00:00:08.000000000 [INFO] [monitor:11.0.0.1] [process.rs:1095] [shadow_rs::host::process] process 'monitor.cargo.1000' has completed or is otherwise no longer running
00:00:00.163063 [36897:shadow] n/a [INFO] [n/a] [manager.rs:510] [shadow_rs::core::manager] Global syscall counts: {brk:71, read:24, statx:24, open:21, futex:16, newfstatat:13, close:12, lseek:8, openat:7, rt_sigaction:6, mmap:4, munmap:3, connect:2, sigaltstack:2, socket:2, uname:2, execve:1, getrandom:1, mprotect:1, mremap:1, poll:1, prlimit64:1, shadow_init_memory_manager:1, sysinfo:1}
00:00:00.163067 [36897:shadow] n/a [INFO] [n/a] [manager.rs:518] [shadow_rs::core::manager] Global allocated object counts: {LegacyDescriptor:32, RegularFile:31, TaskRef:22, Event:11, Relay:3, NetworkInterface:2, Timer:2, Epoll:1, FutexTable:1, ManagedThread:1, Router:1, SysCallCondition:1, SysCallHandler:1}
00:00:00.163069 [36897:shadow] n/a [INFO] [n/a] [manager.rs:519] [shadow_rs::core::manager] Global deallocated object counts: {LegacyDescriptor:32, RegularFile:31, TaskRef:22, Event:11, Relay:3, NetworkInterface:2, Timer:2, Epoll:1, FutexTable:1, ManagedThread:1, Router:1, SysCallCondition:1, SysCallHandler:1}
00:00:00.163070 [36897:shadow] n/a [INFO] [n/a] [manager.rs:522] [shadow_rs::core::manager] We allocated and deallocated the same number of objects :)
00:00:00.163615 [36897:shadow] n/a [INFO] [n/a] [controller.rs:71] [shadow_rs::core::controller] Finished simulation
00:00:00.163634 [36897:shadow] n/a [ERROR] [n/a] [main.rs:346] [shadow_rs::core::main::export] Failed to run the simulation
00:00:00.163642 [36897:shadow] n/a [ERROR] [n/a] [main.rs:346] [shadow_rs::core::main::export] 
00:00:00.163648 [36897:shadow] n/a [ERROR] [n/a] [main.rs:346] [shadow_rs::core::main::export] Caused by:
00:00:00.163652 [36897:shadow] n/a [ERROR] [n/a] [main.rs:346] [shadow_rs::core::main::export]     1 managed processes exited with a non-zero error code
re-syscall: 
Esta instrução é um newfstatat, e vem do host 0
Na thread 1000

Isto é no post-syscall: 
Esta instrução é um newfstatat, e vem do host 0
Na thread 1000

ESTAMOS A TENTAR DAR HANDLE DA SYSCALL 8
Isto é no pre-syscall: 
Esta instrução é um lseek, e vem do host 0
Na thread 1000

Isto é no post-syscall: 
Esta instrução é um lseek, e vem do host 0
Na thread 1000

ESTAMOS A TENTAR DAR HANDLE DA SYSCALL 0
Isto é no pre-syscall: 
Esta instrução é um read, e vem do host 0
Na thread 1000

Isto é no post-syscall: 
Esta instrução é um read, e vem do host 0
Na thread 1000

ESTAMOS A TENTAR DAR HANDLE DA SYSCALL 3
Isto é no pre-syscall: 
Esta instrução é um close, e vem do host 0
Na thread 1000

Isto é no post-syscall: 
Esta instrução é um close, e vem do host 0
Na thread 1000

ESTAMOS A TENTAR DAR HANDLE DA SYSCALL 13
Isto é no pre-syscall: 
Esta instrução é um rt_sigaction, e vem do host 0
Na thread 1000

Isto é no post-syscall: 
Esta instrução é um rt_sigaction, e vem do host 0
Na thread 1000

ESTAMOS A TENTAR DAR HANDLE DA SYSCALL 59
Isto é no pre-syscall: 
Esta instrução é um execve, e vem do host 0
Na thread 1000

Isto é no post-syscall: 
Esta instrução é um execve, e vem do host 0
Na thread 1000

